|SourceProjectName:SDK NextGen.hpr
|DestinationProjectName:SDK.htm
whhost.js
whmsg.js
whmozemu.js
whutils.js
whproxy.js
whstub.js
whver.js
whform.js
whphost.js
whstart.js
whtopic.js
whframes.js
whlang.js
XmlReadHelper.js
whskin_info.htm
whskin_blank.htm
whskin_pickup.htm
whskin_homepage.htm
whskin_tw.htm
whnjs.htm
whthost.js
whtdhtml.htm
whihost.js
whibody.htm
whiform.htm
whfhost.js
whfbody.htm
whfform.htm
whghost.js
whgbody.htm
whgdhtml.htm
whgdef.htm
whproj.js
whproj.htm
whdata\whtoc.js
whdata\whtoc.htm
whdata\whtdata.js
whdata\whidx.js
whdata\whidx.htm
whdata\whidata.js
whdata\whglo.js
whdata\whglo.htm
whdata\whgdata.js
cshdat_webhelp.htm
whcsh_home.htm
whcshdata.js
cshdat_robohelp.htm
wht_tab0.gif
wht_tab1.gif
wht_tab2.gif
wht_tab3.gif
wht_tab4.gif
wht_tab5.gif
wht_tab6.gif
wht_tab7.gif
wht_tab8.gif
wht_glo_h.gif
wht_glo_n.gif
wht_fts_h.gif
wht_fts_n.gif
wht_idx_h.gif
wht_idx_n.gif
wht_toc_h.gif
wht_toc_n.gif
wht_ws.gif
wht_ws_g.gif
wht_logo1.gif
wht_logo2.gif
wht_abgw.jpg
wht_abgi.jpg
wht_abge.jpg
wht_abtw.jpg
wht_abte.jpg
wht_abti.jpg
wht_spac.gif
wht_next.gif
wht_next_g.gif
wht_prev.gif
wht_prev_g.gif
wht_sync.gif
wht_hide.gif
wht_go.gif
whstart.ico
whestart.ico
whrstart.ico
whidhtml.htm
whfdhtml.htm
whskin_banner.htm
whtbar.js
whskin_pdhtml.htm
whskin_plist.htm
whskin_tbars.htm
whskin_mbars.htm
wht_toc4.gif
wht_toc1.gif
wht_toc2.gif
wht_toc3.gif
whskin_frmset010.htm
whst_topics.xml
whskin_frmset01.htm
whskin_ep_ins.ski
whskin_ep_start.htm
SDK_hha.hhk
SDK.hhc
SDK.hhk
1D_Inverse_Label_Types.htm
_CL_Device.htm
AccData.htm
AccDataReady.htm
AccelerometerClose.htm
AccelerometerOpen.htm
AccelerometerRead.htm
AccelerometerStartEvent.htm
AccelerometerStartMsg.htm
AccelerometerStop.htm
AccEventArgs_(Constructor).htm
ActivateConfig.htm
Add_On.htm
AddAction.htm
addActionListener.htm
addActionListener1.htm
AddConfig.htm
AddEapConfig.htm
APIEnum.htm
assignImageBuffer.htm
AUTH.htm
AuthenticationDotNet.htm
Aztec_Code.htm
AZTEC_ENABLE.htm
AZTEC_ENABLE_RUNES.htm
AZTEC_MAX_LENGTH.htm
AZTEC_MIN_LENGTH.htm
AZTEC_USER_ID.htm
Barcode_Library.htm
BAT_THRESHOLD,_P_BAT_THRESHOLD.htm
BATINFO,_P_BATINFO1.htm
Battery_Level_Error.htm
Battery_Threshold_Identifiers.htm
Beacon_Constants.htm
BeaconFlush.htm
BeaconGetData.htm
BeaconStartScan.htm
BeaconStopScan.htm
Beep_Time.htm
Beep_Tone.htm
BEEPER_VOLUME.htm
BeepTime.htm
BeepTone.htm
BlinkLED.htm
Bluetooth_Constants_api2.htm
BtClearAllPairings.htm
BtClearSerialPairing.htm
BtCreatePairing.htm
btCreateSerialPairing.htm
BtCreateSerialPairing1.htm
BTDIRECT.htm
btEnable.htm
BtEnable1.htm
btGetPairingCount.htm
BtGetPairingCount1.htm
btGetPairingInfo.htm
BtGetPairingInfo1.htm
BtGetRadioInfo.htm
btInitialize.htm
BtInitialize1.htm
BTPAIR,_P_BTPAIR.htm
BTProfile.htm
btReset.htm
btResetSerialPairing.htm
btStatus.htm
BtStatus1.htm
btTerminate.htm
BtTerminate1.htm
cancelRequest.htm
CF10G_STATUS.htm
Check_Digit_Control.htm
Check_Digit_Control1.htm
Check_Digit_Control3.htm
CL_ClassList.htm
CL_Decode.htm
CL_DecodeEvent.htm
CL_DecodeEventArgs.htm
CL_DecodeException.htm
CL_DecodeHandle.htm
CL_Device.htm
CL_Device_BatteryInfo.htm
CL_Device_BTPair.htm
CL_Device_DLVersionInfo.htm
CL_Param.htm
CL_WiFi.htm
Class_DecodeException.htm
Class_Summary.htm
Codabar.htm
CODABAR_CLSI.htm
CODABAR_ENABLE.htm
CODABAR_ENABLE_CHECK.htm
CODABAR_LEVEL.htm
CODABAR_MAX_LENGTH.htm
CODABAR_MIN_LENGTH.htm
CODABAR_REDUNDANCY.htm
CODABAR_SEND_CHECK.htm
CODABAR_SEND_START.htm
CODABAR_USER_ID.htm
CODABAR_WIDE_GAPS.htm
CODE128_ENABLE.htm
CODE128_ENABLE_UCC128.htm
CODE128_ISBT_CONCATENATE.htm
CODE128_LEVEL.htm
CODE128_MAX_LENGTH.htm
CODE128_MIN_LENGTH.htm
CODE128_REDUNDANCY.htm
CODE128_USER_ID.htm
CODE39_CONCATENATE.htm
CODE39_ENABLE.htm
CODE39_ENABLE_CHECK.htm
CODE39_FULL_ASCII.htm
CODE39_LEVEL.htm
CODE39_MAX_LENGTH.htm
CODE39_MIN_LENGTH.htm
CODE39_REDUNDANCY.htm
CODE39_SEND_CHECK.htm
CODE39_USER_ID.htm
CODE93_ENABLE.htm
CODE93_LEVEL.htm
CODE93_MAX_LENGTH.htm
CODE93_MIN_LENGTH.htm
CODE93_REDUNDANCY.htm
CODE93_USER_ID.htm
Code_128.htm
Code_128_-_Maximum_Length.htm
Code_128_-_Minimum_Length.htm
Code_32_Prefix.htm
Code_39.htm
Code_39_Full_ASCII.htm
Code_39_Trioptic.htm
Code_93.htm
CODE_ID.htm
CODE_ID_AMES.htm
CODE_ID_AMES_.htm
CODE_ID_AZTEC.htm
CODE_ID_AZTEC_.htm
CODE_ID_CODABAR.htm
CODE_ID_CODABAR_.htm
CODE_ID_CODE11.htm
CODE_ID_CODE11_.htm
CODE_ID_CODE128.htm
CODE_ID_CODE128_.htm
CODE_ID_CODE16K.htm
CODE_ID_CODE16K_.htm
CODE_ID_CODE39.htm
CODE_ID_CODE39_.htm
CODE_ID_CODE49.htm
CODE_ID_CODE49_.htm
CODE_ID_CODE93.htm
CODE_ID_CODE93_.htm
CODE_ID_COMPOSITE.htm
CODE_ID_COMPOSITE_.htm
CODE_ID_DATAMATRIX.htm
CODE_ID_DATAMATRIX_.htm
CODE_ID_EAN13.htm
CODE_ID_EAN13_.htm
CODE_ID_EAN8.htm
CODE_ID_EAN8_.htm
CODE_ID_I25.htm
CODE_ID_I25_.htm
CODE_ID_IMAGE.htm
CODE_ID_IMAGE_.htm
CODE_ID_LABEL45.htm
CODE_ID_LABEL45_.htm
CODE_ID_M25_.htm
CODE_ID_MAXICODE.htm
CODE_ID_MAXICODE_.htm
CODE_ID_MICROPDF417.htm
CODE_ID_MICROPDF417_.htm
CODE_ID_Modifiers.htm
CODE_ID_MSI.htm
CODE_ID_MSI_.htm
CODE_ID_MSR.htm
CODE_ID_MSR_.htm
CODE_ID_NONE.htm
CODE_ID_NONE_.htm
CODE_ID_PDF417.htm
CODE_ID_PDF417_.htm
CODE_ID_PHARMA39.htm
CODE_ID_PHARMA39_.htm
CODE_ID_QRCODE.htm
CODE_ID_QRCODE_.htm
CODE_ID_RFID.htm
CODE_ID_RFID_.htm
CODE_ID_RSS14.htm
CODE_ID_RSS14_.htm
CODE_ID_RSS_EXP.htm
CODE_ID_RSS_EXP_.htm
CODE_ID_RSS_LIMIT.htm
CODE_ID_RSS_LIMIT_.htm
CODE_ID_S25.htm
CODE_ID_S251.htm
CODE_ID_TRIOPTIC.htm
CODE_ID_TRIOPTIC_.htm
CODE_ID_UPCA.htm
CODE_ID_UPCA_.htm
CODE_ID_UPCE.htm
CODE_ID_UPCE_.htm
codeID1.htm
CodeIdModAztec_.htm
CodeIdModCodabar_.htm
CodeIdModCode128_.htm
CodeIdModCode39.htm
CodeIdModComposite_.htm
CodeIdModDataMatrix_.htm
CodeIdModInterleaved25.htm
CodeIdModMaxiCode_.htm
CodeIdModMicroPDF417_.htm
CodeIdModMSI_.htm
CodeIdModQRCode.htm
CodeIdModStandard25.htm
CodeIdModUPC_EAN_.htm
commitParameters.htm
CommonApiConstants.htm
Compiling_and_Linking.htm
Compiling_and_Linking1.htm
Compiling_and_Linking_SoftSpot.htm
Composite.htm
COMPOSITE_ENABLE.htm
COMPOSITE_MAX_LENGTH.htm
COMPOSITE_MIN_LENGTH.htm
COMPOSITE_TO_UCC128.htm
COMPOSITE_USER_ID.htm
ConnectEap.htm
Constant_Values.htm
Constructor_Detail.htm
Constructor_Detail_.htm
Constructor_Summary.htm
Constructor_Summary1.htm
Constructor_Summary2.htm
Constructor_Summary3.htm
Constructor_Summary4.htm
Constructor_Summary5.htm
Convert_Code39_to_Code32.htm
Cover.htm
createEvent.htm
CredentialsSource.htm
CredentialsSourceDotNet.htm
CredentialsType.htm
CredentialsTypeDotNet.htm
CRYPT.htm
Crypt_(struct).htm
CRYPTstruct.htm
CUSTOM_KEY.htm
CvtBtStringToAddr.htm
Data_(property).htm
Datalogic.API.html
Datalogic_Label_Identifiers.htm
Datalogic_Mobile_Label_IDs.htm
Datamatrix.htm
Datamatrix_DPM_mode_settings.htm
DATAMATRIX_ENABLE.htm
DATAMATRIX_MAX_LENGTH.htm
DATAMATRIX_MIN_LENGTH.htm
DATAMATRIX_USER_ID.htm
DataReady_(event).htm
DCD_BARCODE.htm
DCD_BARCODE_.htm
DCD_CAP_BARCODE.htm
DCD_CAP_EXISTS.htm
DCD_CAP_IMAGE.htm
DCD_CAP_MSR.htm
DCD_CAP_RFID.htm
DCD_CAP_SPOTBEAM.htm
DCD_IMAGE.htm
DCD_MSR.htm
DCD_PARAM.htm
DCD_PARAM1.htm
DCD_PARAM_LIMIT.htm
DCD_PARAM_LIMIT1.htm
DCD_PARAM_MAX.htm
DCD_PARAM_MIN.htm
DCD_PARAM_UNKNOWN.htm
DCD_POST_MONITOR.htm
DCD_POST_RECURRING.htm
DCD_RFID.htm
DCD_TRIG_PISTOL.htm
DCD_TRIG_SCAN.htm
DCD_TRIG_SCAN_LEFT.htm
DCD_TRIG_SCAN_RIGHT.htm
DCD_TRIG_SIDE_LEFT.htm
DCD_TRIG_SIDE_RIGHT.htm
DE_DecodeScanned.htm
DE_DecodeScanPress.htm
DE_DecodeScanRelease.htm
DE_DecodeScanStart.htm
DE_DecodeScanStop.htm
DE_DecodeTimeOut.htm
DecodeActionListener.htm
DecodeAPI.htm
DecodeCancelNotifyPress.htm
DecodeCancelNotifyRelease.htm
DecodeCancelNotifyStart.htm
DecodeCancelNotifyStop.htm
DecodeCancelRequest.htm
DecodeDatamatrixDpm.htm
DecodeEnumDevices.htm
DecodeEventArgs_RequestId.html
DecodeEventArgsConstructor.html
DecodeEventsArgs.html
DecodeException.htm
DecodeException1.htm
DecodeFlushData.htm
DecodeGetCodeID.htm
DecodeGetCodeIDMod.htm
DecodeGetDeviceCaps.htm
DecodeGetFriendlyName.htm
DecodeGetParam.htm
DecodeGetParamLength.htm
DecodeGetParamLimits.htm
DecodeGetParams.htm
DecodeGetParamSize.htm
DecodeGetParamString.htm
DecodeGetWedge.htm
DecodeGetXMLParams.htm
DecodeGetXMLParams_.htm
DecodeGoodRead.htm
DecodeHandle.htm
DecodeHandle1.htm
DecodeHandle2.htm
DecodeInverseLabelType.htm
DecodePostPressEvent.htm
DecodePostPressMsg.htm
DecodePostReleaseEvent.htm
DecodePostReleaseMsg.htm
DecodePostRequest_Event_and_Msg_Ex.htm
DecodePostRequestEvent.htm
DecodePostRequestMsg.htm
DecodePostRequestMsgEx.htm
DecodePostRequestWait_.htm
DecodePostStartEvent.htm
DecodePostStartMsg.htm
DecodePostStopEvent.htm
DecodePostStopMsg.htm
DecodeReadString_.htm
DecodeReadStringEx.htm
DecoderEvent.htm
DecoderEvent1.htm
decoderEventOccurred.htm
DecodeSetParam.htm
DecodeSetParams.htm
DecodeSetParamString.htm
DecodeSetWedge.htm
DecodeSetXMLParams.htm
DecodeSetXMLParams_.htm
DecodeSoftTrigger.htm
DecodeSoftTriggerStop.htm
DecodeString.htm
DecodeString1.htm
DecodeTestParams.htm
DEFAULTS_FACTORY.htm
DEFAULTS_MAXIMUM.htm
DEFAULTS_MINIMUM.htm
DEFAULTS_REGISTRY.htm
Delegates_List.htm
DeleteAction.htm
DeleteConfig.htm
DeleteEapConfig.htm
Device.AccEventArgs_(Class).htm
Device.AccStream_(1).htm
Device.AccStream_(2).htm
Device.AccStream_(Class).htm
Device_Capabilities_Mask.htm
Device_Enumeration.htm
DEVICE_METRICS.htm
Device_Performance_Metrics.htm
DeviceAPI.htm
DeviceBlinkLED.htm
DeviceBuzzerStart.htm
DeviceBuzzerStop.htm
DeviceEnableLED.htm
DeviceEnableModem.htm
DeviceGetACSuspendTimeout.htm
DeviceGetBatteryInfo.htm
DeviceGetBatteryLevel.htm
DeviceGetBatterySuspendTimeout.htm
DeviceGetBatteryThreshold.htm
DeviceGetBootType.htm
deviceGetBootType1.htm
DeviceGetExtPowerStatus.htm
deviceGetFirmwareVersion.htm
DeviceGetFlashFileRoot.htm
deviceGetFlashFileRoot1.htm
DeviceGetHardwareInfo.htm
DeviceGetIsInCradle.htm
DeviceGetLanguage.htm
deviceGetLanguage1.htm
DeviceGetMetric.htm
DeviceGetMetrics.htm
DeviceGetModel.htm
deviceGetModel1.htm
DeviceGetOSType.htm
deviceGetOSType1.htm
DeviceGetSerialNumber.htm
deviceGetSerialNumber1.htm
DeviceGetTouchScreenEnable.htm
deviceGetTouchScreenEnable1.htm
DeviceGetTriggerType.htm
DeviceGetUsbFnDriver.htm
DeviceGetVersionCount.htm
DeviceGetVersionInfo.htm
DevicePlayBeep.htm
DeviceReset.htm
DeviceSetACSuspendTimeout.htm
DeviceSetBatterySuspendTimeout.htm
DeviceSetBatteryThreshold.htm
DeviceSetTouchScreenEnable.htm
deviceSetTouchScreenEnable1.htm
DeviceSetTriggerType.htm
DeviceSetUsbFnDriver.htm
DeviceStartBuzzer.htm
DeviceStopBuzzer.htm
DeviceVibrate.htm
DisconnectEap.htm
DISP_BACKLIGHT_DISABLE.htm
DISP_BACKLIGHT_ENABLE.htm
DISP_BACKLIGHT_ERROR.htm
DISP_BRIGHTNESS_ERROR.htm
DISP_BRIGHTNESS_FULL.htm
DISP_BRIGHTNESS_HIGH.htm
DISP_BRIGHTNESS_LOW.htm
DISP_BRIGHTNESS_MEDIUM.htm
Display_Resolution_Definitions.htm
displayBkltEnable.htm
DisplayBkltEnable2.htm
displayGetBkltBrightness.htm
DisplayGetBkltBrightness1.htm
displayGetBkltState.htm
DisplayGetBkltState1.htm
displaySetBkltBrightness.htm
DisplaySetBkltBrightness1.htm
Dispose.htm
DLAC_GetSuspendTimeout.htm
DLAC_SetSuspendTimeout.htm
DLAUDIO_VOIPCall.htm
DLBATTERY_GetSuspendTimeout.htm
DLBATTERY_SetSuspendTimeout.htm
DLGSM_Enable.htm
DLGSM_IsEnabled.htm
DLIMAGER__isSnapiEnabled.htm
DLScannerSetup__getRfidRevision.htm
DLWIFI_Enable.htm
DLWIFI_IsEnabled.htm
DO_NOT_INSERT_EN_RfidClass.htm
EAN13_4_DIGIT_CHECK.htm
EAN13_5_DIGIT_CHECK.htm
EAN13_ENABLE.htm
EAN13_LEVEL.htm
EAN13_REDUNDANCY.htm
EAN13_SEND_CHECK.htm
EAN13_SEND_SYS.htm
EAN13_TO_ISBN.htm
EAN13_TO_ISSN.htm
EAN13_USER_ID.htm
EAN8_ENABLE.htm
EAN8_LEVEL.htm
EAN8_REDUNDANCY.htm
EAN8_SEND_CHECK.htm
EAN8_TO_EAN13.htm
EAN8_USER_ID.htm
EAN_EXT_ENABLE_2_DIGIT.htm
EAN_EXT_ENABLE_5_DIGIT.htm
EAN_EXT_ENABLE_CODE128.htm
EAN_EXT_REDUNDANCY.htm
EAN_EXT_REQUIRE.htm
EapConfig.htm
EAPConnectionConfig.htm
EAPConnectionConfig_(struct).htm
EAPCredentialsConfig.htm
EAPCredentialsConfig_(struct).htm
EAPFASTConfig.htm
EAPFASTConfig_C.htm
EAPFASTConfigStruct_(struct).htm
EapInnerMethod.htm
EapInnerMethodDotNet.htm
EAPTLSConfig.htm
EAPTLSConfig_C.htm
EAPTLSConfigStruct_(struct).htm
EAPTTLSConfig.htm
EAPTTLSConfig_C.htm
EAPTTLSConfigStruct_(struct).htm
EapTypes.htm
EapTypesDotNet.htm
EapWiFiConfigDotNet.htm
Edot11Mode.htm
Edot11ModeDotNet.htm
EN_CodeId.htm
EN_DecodeDeviceCap.htm
EN_DecodeErrorCode.htm
EN_DecodeGoodReadBeepType.htm
EN_DecodeInputType.htm
EN_DecodeParamLimitIndicator.htm
EN_DecodeRequest.htm
EN_Device_BootType.htm
EN_Device_BTDirect.htm
EN_Device_DeviceModel.htm
EN_Device_DisplayBacklight.htm
EN_Device_DisplayBrightness.htm
EN_Device_DLKeys.htm
EN_Device_EnumerationList.htm
EN_Device_HardwareOptions.htm
EN_Device_KbdMultitapDelay.htm
EN_Device_KbdRemapError.htm
EN_Device_KbdState.htm
EN_Device_KbdType.htm
EN_Device_Language.htm
EN_Device_OperatingSystem.htm
EN_Device_OSType.htm
EN_Device_PerformanceMetrics.htm
EN_Device_TriggerId.htm
EN_Device_TriggerInputType.htm
EN_Device_VersionIndex.htm
EN_EnumerationList.htm
EN_WedgeType.htm
Enable.htm
Enable_(property).htm
Enable_2_5_Discrete.htm
Enable_2_5_Family.htm
Enable_2_5_Matrix.htm
Enable_Codabar.htm
Enable_Code_128.htm
Enable_Code_39.htm
Enable_Code_93.htm
Enable_Data_Matrix.htm
Enable_EAN_128.htm
Enable_GS1_DataBar_Expanded.htm
Enable_GS1_DataBar_Expanded1.htm
Enable_GS1_DataBar_Expanded2.htm
Enable_GS1_DataBar_Expanded3.htm
Enable_GS1_DataBar_General.htm
Enable_GS1_DataBar_General1.htm
Enable_GS1_DataBar_Limited.htm
Enable_GS1_DataBar_Limited1.htm
Enable_GS1_DataBar_Limited2.htm
Enable_GS1_DataBar_Limited3.htm
Enable_GS1_DataBar_Omnidirectional1.htm
Enable_ISBT_128.htm
Enable_PDF417.htm
Enable_QR.htm
EnableConfig.htm
EnableLED.htm
EnableModem.htm
ENCRYPTION.htm
EncryptionDotNet.htm
enumDevices.htm
Error_Codes.htm
European_Article_Numbering-13_(EAN-13).htm
European_Article_Numbering-8_(EAN-8).htm
EV_DecodeEvent_Scanned.htm
EV_DecodeEvent_ScanPress.htm
EV_DecodeEvent_ScanRelease.htm
EV_DecodeEvent_ScanStart.htm
EV_DecodeEvent_ScanStop.htm
EV_DecodeEvent_TimeOut.htm
EXAMPLE_MATRIX.htm
EXIT_AND_COMMIT.htm
EXIT_AND_RESTORE.htm
EXIT_AND_SAVE.htm
ExtPrefixSymbology.htm
Field_Detail.htm
Field_Summary.htm
Field_Summary1.htm
Field_Summary3.htm
Field_Summary4.htm
Field_Summary5.htm
flushData.htm
GACC_DATA.htm
General_Decoding_Definitions.htm
GetACSuspendTimeout.htm
GetActionList.htm
GetActionsCount.htm
GetAllConfigs.htm
getAztecEnable.htm
getAztecEnableRunes.htm
getAztecMaxLength.htm
getAztecMinLength.htm
getAztecUserID.htm
GetBatterySuspendTimeout.htm
getBeeperVolume.htm
getCodabarCLSI.htm
getCodabarEnable.htm
getCodabarEnableCheck.htm
getCodabarLevel.htm
getCodabarMaxLength.htm
getCodabarMinLength.htm
getCodabarRedundancy.htm
getCodabarSendCheck.htm
getCodabarSendStart.htm
getCodabarUserID.htm
getCodabarWideGaps.htm
getCode128Enable.htm
getCode128EnableUCC128.htm
getCode128ISBTConcatenate.htm
getCode128Level.htm
getCode128MaxLength.htm
getCode128MinLength.htm
getCode128Redundancy.htm
getCode128UserID.htm
getCode39Concatenate.htm
getCode39Enable.htm
getCode39EnableCheck.htm
getCode39FullASCII.htm
getCode39Level.htm
getCode39MaxLength.htm
getCode39MinLength.htm
getCode39Redundancy.htm
getCode39SendCheck.htm
getCode39UserID.htm
getCode93Enable.htm
getCode93Level.htm
getCode93MaxLength.htm
getCode93MinLength.htm
getCode93Redundancy.htm
getCode93UserID.htm
getCodeID.htm
getCompositeEnable.htm
getCompositeMaxLength.htm
getCompositeMinLength.htm
getCompositeToUCC128.htm
getCompositeUserID.htm
GetConfig.htm
GetCurrentStatus.htm
getDataMatrixEnable.htm
getDataMatrixMaxLength.htm
getDataMatrixMinLength.htm
getDataMatrixUserID.htm
getDeviceCaps.htm
getEAN134DigitCheck.htm
getEAN135DigitCheck.htm
getEAN13Enable.htm
getEAN13Level.htm
getEAN13Redundancy.htm
getEAN13SendCheck.htm
getEAN13SendSys.htm
getEAN13ToISBN.htm
getEAN13ToISSN.htm
getEAN13UserID.htm
getEAN8Enable.htm
getEAN8Level.htm
getEAN8Redundancy.htm
getEAN8SendCheck.htm
getEAN8ToEAN13.htm
getEAN8UserID.htm
getEAN_ExtEnableCode128.htm
getEANExtEnable2Digit.htm
getEANExtEnable5Digit.htm
getEANExtRedundancy.htm
getEANExtRequire.htm
GetFirmwareVersion.htm
getFriendlyName.htm
GetGlobalSettings.htm
getGoodReadCount.htm
getGoodReadDuration.htm
getGoodReadTone.htm
getI25CaseCode.htm
getI25Enable.htm
getI25EnableCheck.htm
getI25Level.htm
getI25MaxLength.htm
getI25MinLength.htm
getI25Redundancy.htm
getI25SendCheck.htm
getI25UserID.htm
getImage.htm
getImagerAimEnable.htm
getImagerAimMode.htm
getImagerAimTimeout.htm
getImagerBrightness.htm
getImagerIlluminateEnable.htm
getImagingBrightness.htm
getImagingEdgeSharpness.htm
getImagingEnableLED.htm
getImagingFormat.htm
getImagingGammaCorrection.htm
getImagingHeight.htm
getImagingLongRangeFilter.htm
getImagingPreviewMode.htm
getImagingQuality.htm
getImagingRotation.htm
getImagingScale.htm
getImagingWidth.htm
getLabelPrefix.htm
getLabelProgEnable.htm
getLabelSeparator.htm
getLabelSuffix.htm
GetLockState.htm
getLongRangeEnableSpot.htm
getLongRangeInputMode.htm
getLongRangeReleaseTime.htm
getLongRangeSpotTime.htm
getM25Enable.htm
getM25EnableCheck.htm
getM25Level.htm
getM25MaxLength.htm
getM25MinLength.htm
getM25Redundancy.htm
getM25SendCheck.htm
getM25UserID.htm
getMaxiCodeEnable.htm
getMaxiCodeMaxLength.htm
getMaxiCodeMinLength.htm
getMaxicodeUserID.htm
getMicroPDF417Enable.htm
getMicroPDF417MaxLength.htm
getMicroPDF417MinLength.htm
getMicroPDF417UserID.htm
getMSICheck2Mod11.htm
getMSIEnable.htm
getMSILevel.htm
getMSIMaxLength.htm
getMSIMinLength.htm
getMSIRedundancy.htm
getMSIRequire2Check.htm
getMSISendCheck.htm
getMSIUserID.htm
GetNumConfigs.htm
getParam.htm
getParamLimits.htm
getParams.htm
getPDF417Enable.htm
getPDF417MaxLength.htm
getPDF417MinLength.htm
getPDF417UserID.htm
getPharma39Enable.htm
getPharma39SendCheck.htm
getPharma39SendStart.htm
getPharma39UserID.htm
GetPosition.htm
getQRCodeEnable.htm
getQRCodeMaxLength.htm
getQRCodeMinLength.htm
getQRCodeUserID.htm
GetRadioEnable.htm
getReadAhead.htm
getRFID_AllowDuplicates.htm
getRFID_Class0Enable.htm
getRFID_Class1Enable.htm
getRFID_MaxReadPower.htm
getRFID_MaxWritePower.htm
getRFID_MinReadPower.htm
getRFID_MinTagReadCount.htm
getRFID_NewTagReadTime.htm
getRFID_ReadPowerMode.htm
getRFID_ReadReportFreq.htm
getRFID_TotalReadTime.htm
getRFID_UserID.htm
getRss14Enable.htm
getRss14Level.htm
getRss14Redundancy.htm
getRss14Require2D.htm
getRss14ToUCC128.htm
getRss14UserID.htm
getRssExpEnable.htm
getRssExpLevel.htm
getRssExpMaxLength.htm
getRssExpMinLength.htm
getRssExpRedundancy.htm
getRssExpRequire2D.htm
getRssExpToUCC128.htm
getRssExpUserID.htm
getRssLimitEnable.htm
getRssLimitLevel.htm
getRssLimitRedundancy.htm
getRssLimitRequire2D.htm
getRssLimitToUCC128.htm
getRssLimitUserID.htm
getS252BarStart.htm
getS25Enable.htm
getS25EnableCheck.htm
getS25Level.htm
getS25MaxLength.htm
getS25MinLength.htm
getS25Redundancy.htm
getS25SendCheck.htm
getS25UserID.htm
GetScale.htm
getSendCodeId.htm
getTagBadWriteCount.htm
getTagBadWriteDuration.htm
getTagBadWriteTone.htm
getTagGoodWriteCount.htm
getTagGoodWriteDuration.htm
getTagGoodWriteTone.htm
getTagReadBeepEnable.htm
getTagReadDuration.htm
getTagReadTone.htm
getTriggerType.htm
getTriopticEnable.htm
getTriopticLevel.htm
getTriopticRedundancy.htm
getTriopticRedundancy1.htm
getTriopticUserID.htm
getUPCAEnable.htm
getUPCALevel.htm
getUPCARedundancy.htm
getUPCASendCheck.htm
getUPCASendSys.htm
getUPCAToEAN13.htm
getUPCAUserID.htm
getUPCE0Enable.htm
getUPCELevel.htm
getUPCERedundancy.htm
getUPCESendCheck.htm
getUPCESendSys.htm
getUPCEToUPCA.htm
getUPCEUserID.htm
GetUsbFnDriver.htm
getWedge.htm
GlobalSettings.htm
Good_Read_Beep_Types.htm
GOOD_READ_COUNT.htm
GOOD_READ_DURATION.htm
GOOD_READ_TONE.htm
GPSGetPowerStatus.htm
GPSSetPowerState.htm
Group_Separator_Byte.htm
GS1_Databar-14.htm
GS1_Databar_Expanded.htm
GS1_DataBar_Expanded_Maximum_Length.htm
GS1_DataBar_Expanded_Minimum_Length.htm
GS1_Databar_Limited.htm
GS1_DataBar_Redundancy.htm
Haptic_ID.htm
Haptic_Type.htm
HapticId.htm
Hardware_Options_Mask_Definitions.htm
Hardware_Options_Mask_Definitions_api2.htm
Hide.htm
Html\BT_DEVICE,__BT_DEVICE.htm
Html\BT_DISCOVERY_INFO,__BT_DISCOVERY_INFO.htm
Html\BtDiscoverSerialDevice.htm
Html\BtDiscoverSerialDevices.htm
Html\Chinese_2_of_5_(China_Post).htm
Html\Cover.htm
Html\Device.BTDevice_(1).htm
Html\Device.BTDevice_(Class).htm
Html\Device.BTPair_(Class)”_.htm
Html\DisplayBkltEnable1.htm
Html\Enable_GS1_DataBar_Omnidirectional.htm
Html\gSM_descrip.htm
Html\IDLScannerListener_Interface.htm
Html\Metric_Definitions_API_1.htm
Html\PlatformCompatibPocketPC_APIs.htm
Html\PlatformPocketPC_GAPI.htm
Html\PlatformPocketPC_PockectPCBTAPI.htm
Html\PlatformPocketPC_PockectPCBTAPI_GetMode.htm
Html\PlatformPocketPC_PockectPCBTAPI_RadioMode.htm
Html\PlatformPocketPC_PockectPCBTAPI_SetMode.htm
Html\Pre_Postamble_Examples.htm
Html\QR_Code_Encoding_Formats.htm
Html\QRCodeEncoding.htm
Html\RFID_Win32FileAPI.htm
Html\ScannerSetup_Class_BidDim_Aiming_Duration.htm
Html\ScannerSetup_Class_BidDim_Aiming_Mode.htm
Html\ScannerSetup_Class_BidDim_EANUPC_EAN13.htm
Html\ScannerSetup_Class_BidDim_EANUPC_EAN8.htm
Html\ScannerSetup_Class_BidDim_EANUPC_EAN8toEAN13Conv.htm
Html\ScannerSetup_Class_BidDim_EANUPC_EANBookland.htm
Html\ScannerSetup_Class_BidDim_EANUPC_EANHalfStitch.htm
Html\ScannerSetup_Class_BidDim_EANUPC_linear.htm
Html\ScannerSetup_Class_BidDim_EANUPC_SecurLev.htm
Html\ScannerSetup_Class_BidDim_EANUPC_Supplementals.htm
Html\ScannerSetup_Class_BidDim_EANUPC_SupplRedund.htm
Html\ScannerSetup_Class_BidDim_EANUPC_UPCA.htm
Html\ScannerSetup_Class_BidDim_EANUPC_UPCACheckDig.htm
Html\ScannerSetup_Class_BidDim_EANUPC_UPCApreamble.htm
Html\ScannerSetup_Class_BidDim_EANUPC_UPCE.htm
Html\ScannerSetup_Class_BidDim_EANUPC_UPCE1.htm
Html\ScannerSetup_Class_BidDim_EANUPC_UPCE1CheckDig.htm
Html\ScannerSetup_Class_BidDim_EANUPC_UPCE1preamble.htm
Html\ScannerSetup_Class_BidDim_EANUPC_UPCECheckDig.htm
Html\ScannerSetup_Class_BidDim_EANUPC_UPCEpreamble.htm
Html\ScannerSetup_Class_BidDim_EANUPC_UPCEtoUPCAConv.htm
Html\ScannerSetup_Class_BidDim_EANUPC_ZeroExtend.htm
Html\ScannerSetup_Class_BiDim_25_25toEAN13Conv.htm
Html\ScannerSetup_Class_BiDim_25_Ind_MaxLen.htm
Html\ScannerSetup_Class_BiDim_25_Ind_MinLen.htm
Html\ScannerSetup_Class_BiDim_25_Indust.htm
Html\ScannerSetup_Class_BiDim_25_Std.htm
Html\ScannerSetup_Class_BiDim_25_Std_CheckDig.htm
Html\ScannerSetup_Class_BiDim_25_Std_CheckDigTX.htm
Html\ScannerSetup_Class_BiDim_25_Std_MaxLen.htm
Html\ScannerSetup_Class_BiDim_25_Std_MinLen.htm
Html\ScannerSetup_Class_BiDim_39.htm
Html\ScannerSetup_Class_BiDim_39_CheckDig.htm
Html\ScannerSetup_Class_BiDim_39_CheckDigTX.htm
Html\ScannerSetup_Class_BiDim_39_Code32Prefix.htm
Html\ScannerSetup_Class_BiDim_39_Code39Trioptic.htm
Html\ScannerSetup_Class_BiDim_39_ConvCode32.htm
Html\ScannerSetup_Class_BiDim_39_DecodPerform.htm
Html\ScannerSetup_Class_BiDim_39_DecodPerformLev.htm
Html\ScannerSetup_Class_BiDim_39_maxlen.htm
Html\ScannerSetup_Class_BiDim_39_minlen.htm
Html\ScannerSetup_Class_BiDim_39ASCII_Convers.htm
Html\ScannerSetup_Class_BiDim_Codabar.htm
Html\ScannerSetup_Class_BiDim_Codabar_CLSIEdit.htm
Html\ScannerSetup_Class_BiDim_Codabar_MaxLen.htm
Html\ScannerSetup_Class_BiDim_Codabar_MinLen.htm
Html\ScannerSetup_Class_BiDim_Codabar_NotisEdit.htm
Html\ScannerSetup_Class_BiDim_Code128.htm
Html\ScannerSetup_Class_BiDim_Code128_EAN128.htm
Html\ScannerSetup_Class_BiDim_Code128_group_separator_byte.htm
Html\ScannerSetup_Class_BiDim_Code128_ISBT128.htm
Html\ScannerSetup_Class_BiDim_Code128_PerfLev.htm
Html\ScannerSetup_Class_BiDim_Code128_Perform.htm
Html\ScannerSetup_Class_BiDim_Code128_starting_group.htm
Html\ScannerSetup_Class_BiDim_Code93.htm
Html\ScannerSetup_Class_BiDim_Code93_MaxLen.htm
Html\ScannerSetup_Class_BiDim_Code93_MinLen.htm
Html\ScannerSetup_Class_BiDim_Global_DirRedund.htm
Html\ScannerSetup_Class_BiDim_Global_SecurLev.htm
Html\ScannerSetup_Class_BiDim_MacroPDF417_DeleECI.htm
Html\ScannerSetup_Class_BiDim_MacroPDF417_ECIDecod.htm
Html\ScannerSetup_Class_BiDim_MacroPDF417_EscapeChars.htm
Html\ScannerSetup_Class_BiDim_MacroPDF417_TXAddressee.htm
Html\ScannerSetup_Class_BiDim_MacroPDF417_TXBlockCount.htm
Html\ScannerSetup_Class_BiDim_MacroPDF417_TXChecksum.htm
Html\ScannerSetup_Class_BiDim_MacroPDF417_TXCtrlHeader.htm
Html\ScannerSetup_Class_BiDim_MacroPDF417_TXFilename.htm
Html\ScannerSetup_Class_BiDim_MacroPDF417_TXFileSize.htm
Html\ScannerSetup_Class_BiDim_MacroPDF417_TXLastMarker.htm
Html\ScannerSetup_Class_BiDim_MacroPDF417_TXMode.htm
Html\ScannerSetup_Class_BiDim_MacroPDF417_TXSender.htm
Html\ScannerSetup_Class_BiDim_MacroPDF417_TXTimeStamp.htm
Html\ScannerSetup_Class_BiDim_MSI.htm
Html\ScannerSetup_Class_BiDim_MSI_CheckDig.htm
Html\ScannerSetup_Class_BiDim_MSI_CheckDigAlgo.htm
Html\ScannerSetup_Class_BiDim_MSI_CheckDigTX.htm
Html\ScannerSetup_Class_BiDim_MSI_MaxLen.htm
Html\ScannerSetup_Class_BiDim_MSI_Minlen.htm
Html\ScannerSetup_Class_BiDim_PDF417.htm
Html\ScannerSetup_Class_BiDim_PDF417_code128emul.htm
Html\ScannerSetup_Class_BiDim_PDF417_Declinked.htm
Html\ScannerSetup_Class_BiDim_PDF417_micro.htm
Html\ScannerSetup_Class_BiDim_Text_CodeID.htm
Html\ScannerSetup_Class_BiDim_Text_Postamble.htm
Html\ScannerSetup_Class_BiDim_Text_Preamble.htm
Html\ScannerSetup_Class_Imager_25__MaxLength.htm
Html\ScannerSetup_Class_Imager_25__MinLength.htm
Html\ScannerSetup_Class_Imager_25_Check_Digit_Control.htm
Html\ScannerSetup_Class_Imager_25_Enable.htm
Html\ScannerSetup_Class_Imager_25_LengthCheck.htm
Html\ScannerSetup_Class_Imager_Aiming_Duration.htm
Html\ScannerSetup_Class_Imager_Aiming_Mode.htm
Html\ScannerSetup_Class_Imager_Barcode_Library.htm
Html\ScannerSetup_Class_Imager_Codabar__MaxLength.htm
Html\ScannerSetup_Class_Imager_Codabar__MinLength.htm
Html\ScannerSetup_Class_Imager_Codabar_Check_Digit_Control.htm
Html\ScannerSetup_Class_Imager_Codabar_Enable.htm
Html\ScannerSetup_Class_Imager_Codabar_LengthCheck.htm
Html\ScannerSetup_Class_Imager_Code39_Enable.htm
Html\ScannerSetup_Class_Imager_Code39_MaxLength.htm
Html\ScannerSetup_Class_Imager_Code39_MinLength.htm
Html\ScannerSetup_Class_Imager_Code_128_Enable.htm
Html\ScannerSetup_Class_Imager_Code_128_LengthCheck.htm
Html\ScannerSetup_Class_Imager_Code_128_MaxLength.htm
Html\ScannerSetup_Class_Imager_Code_128_MinLength.htm
Html\ScannerSetup_Class_Imager_Code_39_Check_Digit_Control.htm
Html\ScannerSetup_Class_Imager_Code_39_FullASCII.htm
Html\ScannerSetup_Class_Imager_Code_39_LengthCheck.htm
Html\ScannerSetup_Class_Imager_Code_93__MaxLength.htm
Html\ScannerSetup_Class_Imager_Code_93__MinLength.htm
Html\ScannerSetup_Class_Imager_Code_93_Enable.htm
Html\ScannerSetup_Class_Imager_Code_93_LengthCheck.htm
Html\ScannerSetup_Class_Imager_Data_Matrix_Enable.htm
Html\ScannerSetup_Class_Imager_Data_Matrix_LengthCheck.htm
Html\ScannerSetup_Class_Imager_Data_Matrix_MaxLength.htm
Html\ScannerSetup_Class_Imager_Data_Matrix_MinLength.htm
Html\ScannerSetup_Class_Imager_Data_Matrix_RectangularStyle.htm
Html\ScannerSetup_Class_Imager_DotMatrix_Enable.htm
Html\ScannerSetup_Class_Imager_EAN_128_Enable.htm
Html\ScannerSetup_Class_Imager_EAN_128_LengthCheck.htm
Html\ScannerSetup_Class_Imager_EAN_128_MaxLength.htm
Html\ScannerSetup_Class_Imager_EAN_128_MinLength.htm
Html\ScannerSetup_Class_Imager_Exposure_Mode_Selection.htm
Html\ScannerSetup_Class_Imager_Light_Level.htm
Html\ScannerSetup_Class_Imager_MacroPDF_Enable.htm
Html\ScannerSetup_Class_Imager_Multicode_AllperScan.htm
Html\ScannerSetup_Class_Imager_Multicode_CodeSep.htm
Html\ScannerSetup_Class_Imager_PDF417_Enable.htm
Html\ScannerSetup_Class_Imager_Postal_Code_Enable.htm
Html\ScannerSetup_Class_Imager_Postamble.htm
Html\ScannerSetup_Class_Imager_Preamble.htm
Html\ScannerSetup_Class_Imager_QR_Enable.htm
Html\ScannerSetup_Class_Imager_Reading_Method_Selection.htm
Html\ScannerSetup_Class_Imager_RSS14_Enable.htm
Html\ScannerSetup_Class_Imager_RSSExpand_Enable.htm
Html\ScannerSetup_Class_Imager_RSSExpandStack_Enable.htm
Html\ScannerSetup_Class_Imager_RSSLimit_Enable.htm
Html\ScannerSetup_Class_Imager_RSSStack_Enable.htm
Html\ScannerSetup_Class_Imager_Text_Length.htm
Html\ScannerSetup_Class_Imager_Text_SymbolID.htm
Html\ScannerSetup_Class_Imager_UPC-EAN-JAN_AddOn.htm
Html\ScannerSetup_Class_Imager_UPC-EAN-JAN_Enable.htm
Html\ScannerSetup_Class_Imager_UPC-EAN-JAN_UPCE.htm
Html\ScannerSetup_Class_OneDim_11.htm
Html\ScannerSetup_Class_OneDim_11_CheckDig.htm
Html\ScannerSetup_Class_OneDim_11_CheckDigTX.htm
Html\ScannerSetup_Class_OneDim_11_MaxLen.htm
Html\ScannerSetup_Class_OneDim_11_MinLen.htm
Html\ScannerSetup_Class_OneDim_11_Redund.htm
Html\ScannerSetup_Class_OneDim_128_EAN.htm
Html\ScannerSetup_Class_OneDim_128_EAN_CheckDig.htm
Html\ScannerSetup_Class_OneDim_128_EAN_CheckDigTX.htm
Html\ScannerSetup_Class_OneDim_128_EAN_group_separator_byte.htm
Html\ScannerSetup_Class_OneDim_128_EAN_starting_group.htm
Html\ScannerSetup_Class_OneDim_128_MaxLen.htm
Html\ScannerSetup_Class_OneDim_128_MinLen.htm
Html\ScannerSetup_Class_OneDim_128_Redund.htm
Html\ScannerSetup_Class_OneDim_128_Std.htm
Html\ScannerSetup_Class_OneDim_128_Std_Check_Digit.htm
Html\ScannerSetup_Class_OneDim_128_Std_Check_DigitTX.htm
Html\ScannerSetup_Class_OneDim_25_Ind_CheckDig.htm
Html\ScannerSetup_Class_OneDim_25_Ind_CheckDigTX.htm
Html\ScannerSetup_Class_OneDim_25_Industrial.htm
Html\ScannerSetup_Class_OneDim_25_Matrix.htm
Html\ScannerSetup_Class_OneDim_25_Matrix_CheckDig.htm
Html\ScannerSetup_Class_OneDim_25_Matrix_CheckDigTX.htm
Html\ScannerSetup_Class_OneDim_25_MaxLen.htm
Html\ScannerSetup_Class_OneDim_25_MinLen.htm
Html\ScannerSetup_Class_OneDim_25_Redund.htm
Html\ScannerSetup_Class_OneDim_25_Standard.htm
Html\ScannerSetup_Class_OneDim_25_Std_CheckDig.htm
Html\ScannerSetup_Class_OneDim_25_Std_CheckDigTX.htm
Html\ScannerSetup_Class_OneDim_39.htm
Html\ScannerSetup_Class_OneDim_39_CheckDig.htm
Html\ScannerSetup_Class_OneDim_39_CheckDig32.htm
Html\ScannerSetup_Class_OneDim_39_CheckDigTX.htm
Html\ScannerSetup_Class_OneDim_39_CheckDigTX32.htm
Html\ScannerSetup_Class_OneDim_39_ConvCIP.htm
Html\ScannerSetup_Class_OneDim_39_ConvTo32.htm
Html\ScannerSetup_Class_OneDim_39_MaxLen.htm
Html\ScannerSetup_Class_OneDim_39_MinLen.htm
Html\ScannerSetup_Class_OneDim_39_Redund.htm
Html\ScannerSetup_Class_OneDim_39_RemoveA32.htm
Html\ScannerSetup_Class_OneDim_39ASCII_CheckDig.htm
Html\ScannerSetup_Class_OneDim_39ASCII_CheckDigTX.htm
Html\ScannerSetup_Class_OneDim_39ASCII_Convers.htm
Html\ScannerSetup_Class_OneDim_93.htm
Html\ScannerSetup_Class_OneDim_93_CheckDig.htm
Html\ScannerSetup_Class_OneDim_93_CheckDigTX.htm
Html\ScannerSetup_Class_OneDim_93_MaxLen.htm
Html\ScannerSetup_Class_OneDim_93_MinLen.htm
Html\ScannerSetup_Class_OneDim_93_Redund.htm
Html\ScannerSetup_Class_OneDim_Aiming_Duration.htm
Html\ScannerSetup_Class_OneDim_Aiming_Mode.htm
Html\ScannerSetup_Class_OneDim_Codab.htm
Html\ScannerSetup_Class_OneDim_Codab_CheckDig.htm
Html\ScannerSetup_Class_OneDim_Codab_CheckDigTX.htm
Html\ScannerSetup_Class_OneDim_Codab_CheckInterDig.htm
Html\ScannerSetup_Class_OneDim_Codab_MaxLen.htm
Html\ScannerSetup_Class_OneDim_Codab_MinLen.htm
Html\ScannerSetup_Class_OneDim_Codab_Redund.htm
Html\ScannerSetup_Class_OneDim_EAN8_to_EAN13.htm
Html\ScannerSetup_Class_OneDim_EANUPC_EAN13.htm
Html\ScannerSetup_Class_OneDim_EANUPC_EAN13_ChkDig.htm
Html\ScannerSetup_Class_OneDim_EANUPC_EAN13_ChkDigTX.htm
Html\ScannerSetup_Class_OneDim_EANUPC_EAN8.htm
Html\ScannerSetup_Class_OneDim_EANUPC_EAN8_ChkDig.htm
Html\ScannerSetup_Class_OneDim_EANUPC_EAN8_ChkDigTX.htm
Html\ScannerSetup_Class_OneDim_EANUPC_Redund.htm
Html\ScannerSetup_Class_OneDim_EANUPC_SupAuto.htm
Html\ScannerSetup_Class_OneDim_EANUPC_Supp2.htm
Html\ScannerSetup_Class_OneDim_EANUPC_Supp5.htm
Html\ScannerSetup_Class_OneDim_EANUPC_SupRedund.htm
Html\ScannerSetup_Class_OneDim_EANUPC_UPCA.htm
Html\ScannerSetup_Class_OneDim_EANUPC_UPCA_CheckDig.htm
Html\ScannerSetup_Class_OneDim_EANUPC_UPCA_ChkDigTX.htm
Html\ScannerSetup_Class_OneDim_EANUPC_UPCAEAN13.htm
Html\ScannerSetup_Class_OneDim_EANUPC_UPCE.htm
Html\ScannerSetup_Class_OneDim_EANUPC_UPCE_ChkDig.htm
Html\ScannerSetup_Class_OneDim_EANUPC_UPCE_ChkDigTX.htm
Html\ScannerSetup_Class_OneDim_EANUPC_UPCE_Convers.htm
Html\ScannerSetup_Class_OneDim_Global_CodeSev.htm
Html\ScannerSetup_Class_OneDim_Global_CodesPerScan.htm
Html\ScannerSetup_Class_OneDim_Global_QuietZo.htm
Html\ScannerSetup_Class_OneDim_MSI.htm
Html\ScannerSetup_Class_OneDim_MSI_CheckDigit.htm
Html\ScannerSetup_Class_OneDim_MSI_CheckDigTX.htm
Html\ScannerSetup_Class_OneDim_MSI_MaxLen.htm
Html\ScannerSetup_Class_OneDim_MSI_MinLen.htm
Html\ScannerSetup_Class_OneDim_MSI_Redund.htm
Html\ScannerSetup_Class_OneDim_Plessey.htm
Html\ScannerSetup_Class_OneDim_Plessey_CheckDig.htm
Html\ScannerSetup_Class_OneDim_Plessey_CheckDigTX.htm
Html\ScannerSetup_Class_OneDim_Plessey_MaxLen.htm
Html\ScannerSetup_Class_OneDim_Plessey_MinLen.htm
Html\ScannerSetup_Class_OneDim_Plessey_Redund.htm
Html\ScannerSetup_Class_OneDim_Text_Postamble.htm
Html\ScannerSetup_Class_OneDim_Text_Preamble.htm
Html\ScannerSetup_Class_OneDim_Text_Separator.htm
Html\ScannerSetup_Class_OneDim_Text_SymbolID.htm
Html\ScannerSetup_Class_Pars.htm
Html\ScannerSetup_Class_PortRedir_Baudrate.htm
Html\ScannerSetup_Class_PortRedir_FrameBits.htm
Html\ScannerSetup_Class_PortRedir_Parity.htm
Html\ScannerSetup_Class_PortRedir_Port.htm
Html\ScannerSetup_Class_PortRedir_ReadTimeout.htm
Html\ScannerSetup_Class_PortRedir_StopBits.htm
Html\ScannerSetup_Class_RFID_DataAddress.htm
Html\ScannerSetup_Class_RFID_DataAddressinMode.htm
Html\ScannerSetup_Class_RFID_DataDimension.htm
Html\ScannerSetup_Class_RFID_DataFormat.htm
Html\ScannerSetup_Class_RFID_IdentifierFormat.htm
Html\ScannerSetup_Class_RFID_LabelType.htm
Html\ScannerSetup_Class_RFID_ReadType.htm
Html\ScannerSetup_Class_RFID_Text_Postamble.htm
Html\ScannerSetup_Class_RFID_Text_Preamble.htm
Html\ScannerSetup_Class_RFID_Text_SeparatorString.htm
Html\ScannerSetup_Class_ScanPars_AlwaysActive.htm
Html\ScannerSetup_Class_ScanPars_BeepDur.htm
Html\ScannerSetup_Class_ScanPars_BeepFreq.htm
Html\ScannerSetup_Class_ScanPars_BeepType.htm
Html\ScannerSetup_Class_ScanPars_Continuous.htm
Html\ScannerSetup_Class_ScanPars_GoodReadSoundFile.htm
Html\ScannerSetup_Class_ScanPars_GreenSpotDur.htm
Html\ScannerSetup_Class_ScanPars_KeyEmulat.htm
Html\ScannerSetup_Class_ScanPars_LedKeyPad.htm
Html\ScannerSetup_Class_ScanPars_LedNoPulse.htm
Html\ScannerSetup_Class_ScanPars_LedPulsDur.htm
Html\ScannerSetup_Class_ScanPars_NoPrintChar.htm
Html\ScannerSetup_Class_ScanPars_ScanButton.htm
Html\ScannerSetup_Class_ScanPars_SoftTrig.htm
Html\ScannerSetup_Class_ScanPars_Tout.htm
Html\Text_Length.htm
Html\Web_Develop_Client.htm
Html\Web_Develop_Server.htm
I25_CASE_CODE.htm
I25_ENABLE.htm
I25_ENABLE_CHECK.htm
I25_LEVEL.htm
I25_MAX_LENGTH.htm
I25_MIN_LENGTH.htm
I25_REDUNDANCY.htm
I25_SEND_CHECK.htm
I25_USER_ID.htm
IMAGER_AIM_ENABLE.htm
IMAGER_AIM_MODE.htm
IMAGER_AIM_TIMEOUT.htm
IMAGER_BRIGHTNESS.htm
IMAGER_ILLUMINATE_ENABLE.htm
IMAGING_BRIGHTNESS.htm
Imaging_Controls.htm
IMAGING_EDGE_SHARPNESS.htm
IMAGING_ENABLE_LED.htm
IMAGING_FORMAT.htm
IMAGING_GAMMA_CORRECTION.htm
IMAGING_HEIGHT.htm
IMAGING_LONG_RANGE_FILTER.htm
IMAGING_PREVIEW_MODE.htm
IMAGING_QUALITY.htm
IMAGING_ROTATION.htm
IMAGING_SCALE.htm
IMAGING_WIDTH.htm
index.htm
Index.html
index1.htm
InitEapConfig.htm
Input_Data_Types_Mask.htm
InputDataTypes.htm
Intensity_ID.htm
Intercharacter_Gap_Size.htm
Interleaved_2_of_5.htm
Interval_(property).htm
INVALID_HANDLE.htm
Inverse_1D.htm
IOCTL_HAL_DISABLE_WAKE_.htm
IOCTL_HAL_ENABLE_WAKE_.htm
IOCTL_HAL_IS_WAKE_ENABLED.htm
IsRunning.htm
java2.htm
JOYA_CRADLE_LED.htm
JOYA_CRADLE_LOCK_TYPE.htm
JOYA_CRADLE_STATE_INFO.htm
JoyaCradle_Compiling.htm
JoyaCradleFlashReadCustomArea.htm
JoyaCradleFlashWriteCustomArea.htm
JoyaCradleGetIsInTrolleyHolder.htm
JoyaCradleGetIsInTrolleyHolder_.htm
JoyaCradleGetState.htm
JoyaCradleGetState_.htm
JoyaCradleIsFastChargeEnabled.htm
JoyaCradleIsFastChargeEnabled_.htm
JoyaCradleLed.htm
JoyaCradleLed_.htm
JoyaCradleLock.htm
JoyaCradleLock_.htm
JoyaCradleReadConfigArea.htm
JoyaCradleReadConfigArea_.htm
JoyaCradleReadCustomArea.htm
JoyaCradleReset.htm
JoyaCradleReset_.htm
JoyaCradleWriteConfigArea.htm
JoyaCradleWriteConfigArea_.htm
JoyaCradleWriteCustomArea.htm
KBD_MODEL_ALPHA_NUM.htm
KBD_MODEL_ERROR.htm
KBD_MODEL_NONE.htm
KBD_MODEL_NUMERIC_PDA.htm
KBD_MODEL_NUMERIC_PDT.htm
KBD_MODEL_QWERTY.htm
KBD_MULTITAP_DELAY_165MS.htm
KBD_MULTITAP_DELAY_220MS.htm
KBD_MULTITAP_DELAY_275MS.htm
KBD_MULTITAP_DELAY_330MS.htm
KBD_MULTITAP_DELAY_385MS.htm
KBD_MULTITAP_DELAY_440MS.htm
KBD_MULTITAP_DELAY_495MS.htm
KBD_MULTITAP_DELAY_550MS.htm
KBD_MULTITAP_DELAY_605MS.htm
KBD_MULTITAP_DELAY_660MS.htm
KBD_MULTITAP_DELAY_ERROR.htm
KBD_STATE_ALPHA_DOWN.htm
KBD_STATE_ALPHA_ON.htm
KBD_STATE_ALT_DOWN.htm
KBD_STATE_ALT_ON.htm
KBD_STATE_CAPS_DOWN.htm
KBD_STATE_CAPS_ON.htm
KBD_STATE_CTRL_DOWN.htm
KBD_STATE_CTRL_ON.htm
KBD_STATE_ERROR.htm
KBD_STATE_FN_DOWN.htm
KBD_STATE_FN_ON.htm
KBD_STATE_SHIFT_DOWN.htm
KBD_STATE_SHIFT_ON.htm
KeybdCustomClearList.htm
KeybdCustomClearList1.htm
KeybdCustomGetEnableState.htm
KeybdCustomGetEnableState1.htm
KeybdCustomGetEntry.htm
KeybdCustomGetEntry_.htm
KeybdCustomGetList.htm
KeybdCustomGetList1.htm
KeybdCustomGetListLength.htm
KeybdCustomSetEnableState.htm
KeybdCustomSetEnableState1.htm
KeybdCustomSetEntry.htm
KeybdCustomSetEntry1.htm
KeybdCustomSetList.htm
KeybdCustomSetList1.htm
KeybdCustomSetList_NET.htm
KeybdEnable.htm
keybdGetKeyInputState.htm
KeybdGetKeyInputState1.htm
KeybdGetKeymapID.htm
keybdGetKeymapID1.htm
KeybdGetMultitapDelay.htm
keybdGetMultitapDelay1.htm
KeybdGetType.htm
keybdGetType1.htm
KeybdLoadKeymap.htm
keybdLoadKeymap1.htm
KeybdSetKeyInputState.htm
keybdSetKeyInputState1.htm
KeybdSetMultitapDelay.htm
keybdSetMultitapDelay1.htm
Keyboard_input_state_bit_definitions.htm
Keyboard_multitap_delay_definitions.htm
Keyboard_Remap_Error_Definitions.htm
LABEL_PREFIX.htm
LABEL_PROG_ENABLE.htm
LABEL_SEPARATOR.htm
LABEL_SUFFIX.htm
LANG_CHN_SMPL.htm
LANG_CHN_SMPL_T.htm
LANG_CHN_TRAD.htm
LANG_CHN_TRAD_T.htm
LANG_ENGLISH_T.htm
LANG_FRENCH_T.htm
LANG_GERMAN_T.htm
LANG_INDIC.htm
LANG_ITALIAN_T.htm
LANG_JAPAN.htm
LANG_KOREA.htm
LANG_KOREAN_T.htm
LANG_NONE.htm
LANG_ROW.htm
LANG_SPANISH_T.htm
LANG_THAILAND.htm
LANG_WESTERN.htm
Language_definitions.htm
LEAPConfig.htm
LEAPConfig_C.htm
LEAPConfigStruct_(struct).htm
Led_Identifiers.htm
Led_Identifiers_api2.htm
LEDs.htm
Light_Level.htm
Lock.htm
LONG_RANGE_ENABLE_SPOT.htm
LONG_RANGE_INPUT_MODE.htm
LONG_RANGE_RELEASE_TIME.htm
LONG_RANGE_SPOT_TIME.htm
lpString.htm
M25_ENABLE.htm
M25_ENABLE_CHECK.htm
M25_LEVEL.htm
M25_MAX_LENGTH.htm
M25_MIN_LENGTH.htm
M25_REDUNDANCY.htm
M25_SEND_CHECK.htm
M25_USER_ID.htm
MACAddress_(class).htm
Matrix_2_of_5.htm
max.htm
Maxicode.htm
MAXICODE_ENABLE.htm
MAXICODE_MAX_LENGTH.htm
MAXICODE_MIN_LENGTH.htm
MAXICODE_USER_ID.htm
Maximum_Length.htm
Maximum_Length1.htm
Maximum_Length2.htm
Maximum_Length3.htm
Maximum_Length5.htm
Maximum_Length6.htm
MaxLen.htm
Method_Summary.htm
Method_Summary1.htm
Method_Summary2.htm
Method_Summary3.htm
Method_Summary4.htm
Methods_inherited_from_class_java.lang.Object.htm
Methods_inherited_from_class_java.lang.Object1.htm
Methods_inherited_from_class_java.lang.Object2.htm
Methods_inherited_from_class_java.lang.Object3.htm
Methods_inherited_from_class_java.lang.Object_.htm
Methods_inherited_from_class_java.lang.Object_1.htm
Methods_inherited_from_class_java.lang.Object_2.htm
Methods_inherited_from_class_java.lang.Object_3.htm
Methods_inherited_from_class_java.lang.Throwable.htm
Methods_inherited_from_class_java.util.EventObject.htm
Metric_Definitions_api2.htm
MICROPDF417_ENABLE.htm
MICROPDF417_MAX_LENGTH.htm
MICROPDF417_MIN_LENGTH.htm
MICROPDF417_USER_ID.htm
MicroPDF_417.htm
min.htm
Minimum_Input_Array_Lengths.htm
Minimum_Length.htm
Minimum_Length1.htm
Minimum_Length2.htm
Minimum_Length3.htm
Minimum_Length4.htm
Minimum_Length5.htm
Minimum_Length6.htm
MinLen.htm
MSI.htm
MSI1.htm
MSI_CHECK_2_MOD_11.htm
MSI_ENABLE.htm
MSI_LEVEL.htm
MSI_MAX_LENGTH.htm
MSI_MIN_LENGTH.htm
MSI_REDUNDANCY.htm
MSI_REQUIRE_2_CHECK.htm
MSI_SEND_CHECK.htm
MSI_USER_ID.htm
MT_Decode_EnumDevices.htm
MT_Decode_GetParam.htm
MT_Decode_GetParamLimits.htm
MT_Decode_GetParams.htm
MT_Decode_GetParamString.htm
MT_Decode_GetWedge.htm
MT_Decode_PlayGoodReadBeep.htm
MT_Decode_SetParam.htm
MT_Decode_SetParams.htm
MT_Decode_SetParamString.htm
MT_Decode_SetWedge.htm
MT_Decode_TestParams.htm
MT_DecodeEvent_DecodeEvent.htm
MT_DecodeEvent_DecodeEvent2.htm
MT_DecodeEvent_Dispose.htm
MT_DecodeEvent_StartScanListener.htm
MT_DecodeEvent_StopScanListener.htm
MT_DecodeEventArgs_DecodeEventArgs.htm
MT_DecodeException_DecodeException.htm
MT_DecodeException_DecodeException2.htm
MT_DecodeException_DecodeException3.htm
MT_DecodeHandle_CancelNotifyPress.htm
MT_DecodeHandle_CancelNotifyRelease.htm
MT_DecodeHandle_CancelNotifyStart.htm
MT_DecodeHandle_CancelNotifyStop.htm
MT_DecodeHandle_CancelRequest.htm
MT_DecodeHandle_DecodeHandle.htm
MT_DecodeHandle_DecodeHandle2.htm
MT_DecodeHandle_Dispose.htm
MT_DecodeHandle_FlushData.htm
MT_DecodeHandle_GetAimIdentifier.htm
MT_DecodeHandle_GetCodeId.htm
MT_DecodeHandle_GetDeviceCaps.htm
MT_DecodeHandle_GetFriendlyName.htm
MT_DecodeHandle_PostPressMsg.htm
MT_DecodeHandle_PostReleaseMsg.htm
MT_DecodeHandle_PostRequestMsg.htm
MT_DecodeHandle_PostRequestMsgEx.htm
MT_DecodeHandle_PostRequestWait.htm
MT_DecodeHandle_PostStartMsg.htm
MT_DecodeHandle_PostStopMsg.htm
MT_DecodeHandle_ReadString.htm
MT_DecodeHandle_ReadString2.htm
MT_DecodeHandle_SoftTrigger.htm
MT_DecodeHandle_SoftTriggerStop.htm
MT_Device_BtClearAllPairings.htm
MT_Device_BtClearSerialPairing.htm
MT_Device_BtCreateSerialPairing.htm
MT_Device_BtEnable.htm
MT_Device_BtGetPairingCount.htm
MT_Device_BtGetPairingInfo.htm
MT_Device_BtInitialize.htm
MT_Device_BTPair_BTPair.htm
MT_Device_BTPair_BTPair2.htm
MT_Device_BtStatus.htm
MT_Device_BtTerminate.htm
MT_Device_DisplayBkltEnable.htm
MT_Device_DisplayGetBkltBrightness.htm
MT_Device_DisplayGetBkltState.htm
MT_Device_DisplaySetBkltBrightness.htm
MT_Device_DLVersionInfo_DLVersionInfo.htm
MT_Device_GetBatteryInfo.htm
MT_Device_GetBatteryLevel.htm
MT_Device_GetBatteryThreshold.htm
MT_Device_GetBootType.htm
MT_Device_GetExtPowerStatus.htm
MT_Device_GetFirmwareVersion.htm
MT_Device_GetFlashFileRoot.htm
MT_Device_GetGPSPowerStatus.htm
MT_Device_GetHardwareInfo.htm
MT_Device_GetIsInCradle.htm
MT_Device_GetLanguage.htm
MT_Device_GetMetric.htm
MT_Device_GetModel.htm
MT_Device_GetModelName.htm
MT_Device_GetOSType.htm
MT_Device_GetOSType2.htm
MT_Device_GetPhonePowerStatus.htm
MT_Device_GetReportedVersionsInfo.htm
MT_Device_GetSerialNumber.htm
MT_Device_GetTerminalAPIVersion.htm
MT_Device_GetTouchScreenEnable.htm
MT_Device_GetTriggerType.htm
MT_Device_GetWiFiPowerStatus.htm
MT_Device_KeybdGetKeyInputState.htm
MT_Device_KeybdGetKeymapID.htm
MT_Device_KeybdGetMultitapDelay.htm
MT_Device_KeybdGetType.htm
MT_Device_KeybdLoadKeymap.htm
MT_Device_KeybdSetKeyInputState.htm
MT_Device_KeybdSetMultitapDelay.htm
MT_Device_Reset.htm
MT_Device_SetBatteryThreshold.htm
MT_Device_SetGPSPowerState.htm
MT_Device_SetPhonePowerState.htm
MT_Device_SetTouchScreenEnable.htm
MT_Device_SetTriggerType.htm
MT_Device_SetWiFiPowerState.htm
MT_Device_WiFiGetMacAddress.htm
MT_Device_WiFiGetRssi.htm
MT_Device_WiFiGetSignalQuality.htm
New_Topic.htm
New_Topic1.htm
NS_DatalogicApi.htm
NS_NamespaceList.htm
odeIdModInterleaved25.htm
Operating_System_type_definitions.htm
Organization.htm
OS_TYPE_ERROR.htm
OS_WIN_MOBILE.htm
OS_WINCE_NET.htm
Other_Controls.htm
Overview.htm
Package_Datalogic_SDK.htm
Param.htm
Parameter_Limit_Bits.htm
PDF417_ENABLE.htm
PDF417_MAX_LENGTH.htm
PDF417_MIN_LENGTH.htm
PDF417_USER_ID.htm
PDF_417.htm
PEAPConfig.htm
PEAPConfig_C.htm
PEAPConfigStruct_(struct).htm
PerformHapticFeedback.htm
PHARMA39_ENABLE.htm
PHARMA39_SEND_CHECK.htm
PHARMA39_SEND_START.htm
PHARMA39_USER_ID.htm
Pharmacode_39_(Code_32).htm
PhoneGetPowerStatus.htm
PhoneSetPowerState.htm
PlayBeep.htm
Postal_Codes.htm
Postal_Codes1.htm
Postamble.htm
Postnet_Enable.htm
postRequestEvent.htm
postRequestEvent1.htm
PR_DecodeEvent_IsListening.htm
PR_DecodeEventArgs_RequestID.htm
Preamble.htm
Product_Model_definitions.htm
Profile_Definitions.htm
PROGRAMMING_CODES_WITHOUT_PARAMETERS.htm
Programming_Codes_without_Parameters1.htm
public_static_int_getTagGoodWriteTone().htm
public_static_int_getUPCEUserID().htm
QR_Code.htm
QRCODE_ENABLE.htm
QRCODE_MAX_LENGTH.htm
QRCODE_MIN_LENGTH.htm
QRCODE_USER_ID.htm
Quality_Attributes_and_Signature_Conventions.htm
RadioDisable.htm
RadioEnable.htm
readImageSize.htm
Reading_Decoded_Data.htm
readString.htm
ReadString_(3).htm
Redundancy.htm
Redundancy_Level.htm
releaseImage.htm
removeActionListener.htm
removeActionListeners.htm
Request_Types.htm
ResetAllActions.htm
restoreParameters.htm
retValue.htm
RFID_ALLOW_DUPLICATES.htm
RFID_CLASS0_ENABLE.htm
RFID_CLASS1_ENABLE.htm
RFID_CLASS_0.htm
RFID_CLASS_1.htm
RFID_CLASS_1G2.htm
RFID_E_BAD_ANTENNA.htm
RFID_E_BAD_TAG.htm
RFID_E_BAD_TYPE.htm
RFID_E_NO_ERROR.htm
RFID_E_WRITE_FAIL.htm
RFID_MAX_READ_POWER.htm
RFID_MAX_WRITE_POWER.htm
RFID_MIN_READ_POWER.htm
RFID_MIN_TAG_READ_COUNT.htm
RFID_NEW_TAG_READ_TIME.htm
RFID_READ_POWER_MODE.htm
RFID_READ_REPORT_FREQ.htm
RFID_TOTAL_READ_TIME.htm
RFID_USER_ID.htm
rfidAtennaRX.htm
rfidAtennaTX.htm
rfidGetAntenna.htm
rfidGetAntennaNum.htm
rfidGetTagFilter.htm
rfidGetTagTypes.htm
rfidKillTag.htm
rfidLockTag.htm
rfidLockTagEx.htm
rfidReadTagReport.htm
rfidSetAntenna.htm
rfidSetTagFilter.htm
rfidWriteTag.htm
RSS14_ENABLE.htm
RSS14_LEVEL.htm
RSS14_REDUNDANCY.htm
RSS14_REQUIRE_2D.htm
RSS14_TO_UCC128.htm
RSS14_USER_ID.htm
RSS_EXP_ENABLE.htm
RSS_EXP_LEVEL.htm
RSS_EXP_MAX_LENGTH.htm
RSS_EXP_MIN_LENGTH.htm
RSS_EXP_REDUNDANCY.htm
RSS_EXP_REQUIRE_2D.htm
RSS_EXP_TO_UCC128.htm
RSS_EXP_USER_ID.htm
RSS_LIMIT_ENABLE.htm
RSS_LIMIT_LEVEL.htm
RSS_LIMIT_REDUNDANCY.htm
RSS_LIMIT_REQUIRE_2D.htm
RSS_LIMIT_TO_UCC128.htm
RSS_LIMIT_USER_ID.htm
S25_2_BAR_START.htm
S25_ENABLE.htm
S25_ENABLE_CHECK.htm
S25_LEVEL.htm
S25_MAX_LENGTH.htm
S25_MIN_LENGTH.htm
S25_REDUNDANCY.htm
S25_SEND_CHECK.htm
S25_USER_ID.htm
SDCConfig.htm
SDCConfig_(struct).htm
SDCERR.htm
SDCErrDotNet.htm
SDK_C_Introduction.htm
Security_Level.htm
SEND_CODE_ID.htm
SetACSuspendTimeout.htm
SetActionProperty.htm
SetAllConfigs.htm
setAztecEnable.htm
setAztecEnableRunes.htm
setAztecMaxLength.htm
setAztecMinLength.htm
setAztecMinMaxLength.htm
setAztecUserID.htm
SetBatterySuspendTimeout.htm
setBeeperVolume.htm
setCodabarCLSI.htm
setCodabarEnable.htm
setCodabarEnableCheck.htm
setCodabarLevel.htm
setCodabarMaxLength.htm
setCodabarMinLength.htm
setCodabarMinMaxLength.htm
setCodabarRedundancy.htm
setCodabarSendCheck.htm
setCodabarSendStart.htm
setCodabarUserID.htm
setCodabarWideGaps.htm
setCode128Enable.htm
setCode128EnableUCC128.htm
setCode128ISBTConcatenate.htm
setCode128Level.htm
setCode128MaxLength.htm
setCode128MinLength.htm
setCode128MinMaxLength.htm
setCode128Redundancy.htm
setCode128UserID.htm
setCode39Concatenate.htm
setCode39Enable.htm
setCode39EnableCheck.htm
setCode39FullASCII.htm
setCode39Level.htm
setCode39MaxLength.htm
setCode39MinLength.htm
setCode39MinMaxLength.htm
setCode39Redundancy.htm
setCode39SendCheck.htm
setCode39UserID.htm
setCode93Enable.htm
setCode93Level.htm
setCode93MaxLength.htm
setCode93MinLength.htm
setCode93MinMaxLength.htm
setCode93Redundancy.htm
setCode93UserID.htm
setCompositeEnable.htm
setCompositeMaxLength.htm
setCompositeMinLength.htm
setCompositeMinMaxLength.htm
setCompositeToUCC128.htm
setCompositeUserID.htm
SetCurrentAction.htm
setDataMatrixEnable.htm
setDataMatrixMaxLength.htm
setDataMatrixMinLength.htm
setDataMatrixMinMaxLength.htm
setDataMatrixUserID.htm
setDefaultsFactory.htm
setDefaultsMaximum.htm
setDefaultsMinimum.htm
setDefaultsRegistry.htm
setEAN134DigitCheck.htm
setEAN135DigitCheck.htm
setEAN13Enable.htm
setEAN13Level.htm
setEAN13Redundancy.htm
setEAN13SendCheck.htm
setEAN13SendSys.htm
setEAN13ToISBN.htm
setEAN13ToISSN.htm
setEAN13UserID.htm
setEAN8Enable.htm
setEAN8Level.htm
setEAN8Redundancy.htm
setEAN8SendCheck.htm
setEAN8ToEAN13.htm
setEAN8UserID.htm
setEAN_ExtEnableCode128.htm
setEANExtEnable2Digit.htm
setEANExtEnable5Digit.htm
setEANExtRedundancy.htm
setEANExtRequire.htm
setEmsKey.htm
setGoodReadCount.htm
setGoodReadDuration.htm
setGoodReadTone.htm
setI25CaseCode.htm
setI25Enable.htm
setI25EnableCheck.htm
setI25Level.htm
setI25MaxLength.htm
setI25MinLength.htm
setI25MinMaxLength.htm
setI25Redundancy.htm
setI25SendCheck.htm
setI25UserID.htm
setImagerAimEnable.htm
setImagerAimMode.htm
setImagerAimTimeout.htm
setImagerBrightness.htm
setImagerIlluminateEnable.htm
setImagingBrightness.htm
setImagingEdgeSharpness.htm
setImagingEnableLED.htm
setImagingFormat.htm
setImagingGammaCorrection.htm
setImagingHeight.htm
setImagingLongRangeFilter.htm
setImagingPreviewMode.htm
setImagingQuality.htm
setImagingRotation.htm
setImagingScale.htm
setImagingWidth.htm
setLabelPrefix.htm
setLabelProgEnable.htm
setLabelSeparator.htm
setLabelSuffix.htm
setLongRangeEnableSpot.htm
setLongRangeInputMode.htm
setLongRangeReleaseTime.htm
setLongRangeSpotTime.htm
setM25Enable.htm
setM25EnableCheck.htm
setM25Level.htm
setM25MaxLength.htm
setM25MinLength.htm
setM25MinMaxLength.htm
setM25Redundancy.htm
setM25SendCheck.htm
setM25UserID.htm
setMaxiCodeEnable.htm
setMaxiCodeMaxLength.htm
setMaxiCodeMinLength.htm
setMaxiCodeMinMaxLength.htm
setMaxicodeUserID.htm
setMicroPDF417Enable.htm
setMicroPDF417MaxLength.htm
setMicroPDF417MinLength.htm
setMicroPDF417MinMaxLength.htm
setMicroPDF417UserID.htm
setMSICheck2Mod11.htm
setMSIEnable.htm
setMSILevel.htm
setMSIMaxLength.htm
setMSIMinLength.htm
setMSIMinMaxLength.htm
setMSIRedundancy.htm
setMSIRequire2Check.htm
setMSISendCheck.htm
setMSIUserID.htm
setParam.htm
setParams.htm
setPDF417Enable.htm
setPDF417MaxLength.htm
setPDF417MinLength.htm
setPDF417MinMaxLength.htm
setPDF417UserID.htm
setPharma39Enable.htm
setPharma39SendCheck.htm
setPharma39SendStart.htm
setPharma39UserID.htm
SetPosition.htm
setQRCodeEnable.htm
setQRCodeMaxLength.htm
setQRCodeMinLength.htm
setQRCodeMinMaxLength.htm
setQRCodeUserID.htm
setReadAhead.htm
setRFID_AllowDuplicates.htm
setRFID_Class0Enable.htm
setRFID_Class1Enable.htm
setRFID_MaxReadPower.htm
setRFID_MaxWritePower.htm
setRFID_MinReadPower.htm
setRFID_MinTagReadCount.htm
setRFID_NewTagReadTime.htm
setRFID_ReadPowerMode.htm
setRFID_ReadReportFreq.htm
setRFID_TotalReadTime.htm
setRFID_UserID.htm
setRss14Enable.htm
setRss14Level.htm
setRss14Redundancy.htm
setRss14Require2D.htm
setRss14ToUCC128.htm
setRss14UserID.htm
setRssExpEnable.htm
setRssExpLevel.htm
setRssExpMaxLength.htm
setRssExpMinLength.htm
setRssExpMinMaxLength.htm
setRssExpRedundancy.htm
setRssExpRequire2D.htm
setRssExpToUCC128.htm
setRssExpUserID.htm
setRssLimitEnable.htm
setRssLimitLevel.htm
setRssLimitRedundancy.htm
setRssLimitRequire2D.htm
setRssLimitToUCC128.htm
setRssLimitUserID.htm
setS252BarStart.htm
setS25Enable.htm
setS25EnableCheck.htm
setS25Level.htm
setS25MaxLength.htm
setS25MinLength.htm
setS25MinMaxLength.htm
setS25Redundancy.htm
setS25SendCheck.htm
setS25UserID.htm
SetScale.htm
setSendCodeId.htm
setTagBadWriteCount.htm
setTagBadWriteDuration.htm
setTagBadWriteTone.htm
setTagGoodWriteCount.htm
setTagGoodWriteDuration.htm
setTagGoodWriteTone.htm
setTagReadBeepEnable.htm
setTagReadDuration.htm
setTagReadTone.htm
setTriggerType.htm
setTriopticEnable.htm
setTriopticLevel.htm
setTriopticRedundancy.htm
setTriopticUserID.htm
setUPCAEnable.htm
setUPCALevel.htm
setUPCARedundancy.htm
setUPCASendCheck.htm
setUPCASendSys.htm
setUPCAToEAN13.htm
setUPCAUserID.htm
setUPCE0Enable.htm
setUPCELevel.htm
setUPCERedundancy.htm
setUPCESendCheck.htm
setUPCESendSys.htm
setUPCEToUPCA.htm
setUPCEUserID.htm
SetUsbFnDriver.htm
setWedge.htm
Show.htm
SIMPSON.htm
SizeConsts_(class).htm
SOFTSPOT_ACTION_TYPE.htm
SoftSpot_class.htm
SOFTSPOT_PROPERTY.htm
SOFTSPOT_RESET_STATE.htm
SoftSpotAction.htm
SoftSpotAction_class.htm
SoftSpotAction_Constructor_1.htm
SoftSpotAction_constructor_2.htm
SoftSpotAddAction.htm
SoftSpotDeleteAction.htm
SoftSpotGetActionList.htm
SoftSpotGetActionsCount.htm
SoftSpotGetLockState.htm
SoftSpotGetPosition.htm
SoftSpotGetScale.htm
SoftSpotHide.htm
SoftSpotIsRunning.htm
SoftSpotLock.htm
SoftSpotResetAllActions.htm
SoftSpotSetActionProperty.htm
SoftSpotSetCurrentAction.htm
SoftSpotSetPosition.htm
SoftSpotSetScale.htm
SoftSpotShow.htm
SoftSpotStart.htm
SoftSpotStop.htm
softTrigger.htm
softTriggerStop.htm
SSSIMPSON.htm
ST_DecodeParam.htm
ST_DecodeParamLimit.htm
ST_Device_BatteryThreshold.htm
ST_Device_DLCustomKey.htm
ST_StructAndOtherLists.htm
Standard_2_of_5.htm
StandardWiFiConfig.htm
Start.htm
Starting_Group_Separator_Transimssion.htm
Stop.htm
Supported_Parameters.htm
Supported_Parameters1.htm
Symbology_Identification.htm
Symbology_Identifier.htm
System_Overview.htm
tab.htm
TAG_BAD_WRITE_COUNT.htm
TAG_BAD_WRITE_DURATION.htm
TAG_BAD_WRITE_TONE.htm
TAG_GOOD_WRITE_COUNT.htm
TAG_GOOD_WRITE_DURATION.htm
TAG_GOOD_WRITE_TONE.htm
TAG_READ_BEEP_ENABLE.htm
TAG_READ_DURATION.htm
TAG_READ_TONE.htm
testParams.htm
Text_Length1.htm
The_backlight_brightness_values.htm
The_backlight_enable_values.htm
The_Boot_Types.htm
The_Keyboard_model_definitions.htm
The_Virtual_Key_Code_State_Flags.htm
Trigger_action_assignment_values.htm
Trigger_Identification_Masked_Values.htm
TriggerMasks.htm
Trioptic.htm
TRIOPTIC_ENABLE.htm
TRIOPTIC_LEVEL.htm
TRIOPTIC_REDUNDANCY.htm
TRIOPTIC_USER_ID.htm
unassignImageBuffer.htm
UNIT_BOOT_CLEAN.htm
UNIT_BOOT_COLD.htm
UNIT_BOOT_SAFE.htm
UNIT_BOOT_WARM.htm
UNIT_MODEL_ELF.htm
UNIT_MODEL_ERROR.htm
UNIT_MODEL_FALCON_X3.htm
Universal_Product_Code-A_(UPC-A).htm
Universal_Product_Code-E_(UPC-E).htm
UPC___EAN_Extensions.htm
UPCA_ENABLE.htm
UPCA_LEVEL.htm
UPCA_REDUNDANCY.htm
UPCA_SEND_CHECK.htm
UPCA_SEND_SYS.htm
UPCA_TO_EAN13.htm
UPCA_USER_ID.htm
UPCE0_ENABLE.htm
UPCE_LEVEL.htm
UPCE_REDUNDANCY.htm
UPCE_SEND_CHECK.htm
UPCE_SEND_SYS.htm
UPCE_TO_UPCA.htm
UPCE_USER_ID.htm
USBFN_CLASS.htm
USBFN_STATE.htm
UsbFnClass.htm
UsbFnState.htm
value.htm
Version_Index_Definitions.htm
Wedge_Type_Mask.htm
WEP_KEY.htm
WiFiActivateConfig.htm
WiFiAddConfig.htm
WiFiAuthenticationToDot11AuthAlgorithm.htm
WiFiConfig.htm
WiFiConstants.htm
WiFiDeleteConfig.htm
WiFiDot11AuthAlgorithmToAuthentication.htm
WiFiDot11CipherAlgorithmToEncryption.htm
WiFiEnableConfig.htm
WiFiEncryptionToDot11CipherAlgorithm.htm
WiFiException(3).htm
WiFiException_(1).htm
WiFiException_(2).htm
WiFiException_(4).htm
WiFiException_(Class).htm
WiFiGetActiveConfig.htm
WiFiGetActiveConfig_DotNet.htm
WiFiGetAllConfigs.htm
WiFiGetConfig.htm
WiFiGetCurrentStatus.htm
WiFiGetFirmwareVersion.htm
WiFiGetGlobalDefaults.htm
WiFiGetGlobalDefaultsC.htm
WiFiGetGlobalSettings.htm
WiFiGetMacAddress.htm
WiFiGetNumConfigs.htm
WiFiGetPowerStatus.htm
WiFiGetRssi.htm
WiFiGetSignalQuality.htm
WiFiGlobalSettings_(Class).htm
WiFiSetGlobalSettings.htm
WiFiSetGlobalSettingsC.htm
WiFiSetPowerState.htm
WiFiStatus_(class).htm
WlanInterfaceStateDotNet.htm
SDK.glo
default.css
Datalogic_SDK.css
MT_Device_SetBatteryThreshold.css
MT_Device_GetBatteryThreshold.css
EN_Device_VersionIndex.css
MT_DecodeHandle_ReadString2.css
EV_DecodeEvent_ScanRelease.css
EXAMPLE_MATRIX.css
ST_DecodeParam.css
EN_DecodeParamLimitIndicator.css
EN_DecodeErrorCode.css
MT_Device_GetWiFiPowerStatus.css
MT_Device_GetTerminalAPIVersion.css
MT_Device_GetBatteryInfo.css
EN_Device_BTDirect.css
MT_DecodeHandle_PostPressMsg.css
MT_DecodeEvent_DecodeEvent2.css
MT_Decode_PlayGoodReadBeep.css
CL_DecodeEvent.css
DE_DecodeScanPress.css
SSSIMPSON.css
EN_DecodeInputType.css
EN_DecodeDeviceCap.css
MT_Device_KeybdLoadKeymap.css
MT_Device_BtInitialize.css
EN_Device_KbdRemapError.css
MT_DecodeHandle_GetFriendlyName.css
MT_DecodeHandle_DecodeHandle2.css
EV_DecodeEvent_TimeOut.css
EN_EnumerationList.css
MT_Device_DisplayBkltEnable.css
MT_DecodeHandle_SoftTriggerStop.css
ST_StructAndOtherLists.css
EN_Device_KbdType.css
EN_Device_HardwareOptions.css
MT_DecodeHandle_PostStartMsg.css
MT_DecodeHandle_GetCodeId.css
MT_DecodeHandle_FlushData.css
EV_DecodeEvent_ScanStart.css
MT_Decode_SetWedge.css
MT_Decode_GetWedge.css
tab.css
EN_Device_OSType.css
DE_DecodeScanRelease.css
MT_Device_BtClearAllPairings.css
MT_DecodeHandle_PostRequestMsg.css
MT_DecodeHandle_CancelRequest.css
CL_DecodeHandle.css
MT_DecodeEvent_DecodeEvent.css
DE_DecodeTimeOut.css
DE_DecodeScanned.css
MT_Device_Reset.css
MT_Device_BtTerminate.css
MT_Device_GetModel.css
MT_Device_GetIsInCradle.css
MT_Device_GetHardwareInfo.css
EN_Device_KbdMultitapDelay.css
ST_Device_BatteryThreshold.css
MT_DecodeHandle_GetAimIdentifier.css
MT_DecodeEvent_Dispose.css
CL_ClassList.css
_CL_Device.css
MT_Device_GetSerialNumber.css
MT_Device_GetOSType.css
MT_Device_GetGPSPowerStatus.css
MT_Device_GetExtPowerStatus.css
EN_Device_DeviceModel.css
MT_DecodeException_DecodeException3.css
MT_DecodeException_DecodeException2.css
MT_Decode_SetParamString.css
MT_Decode_GetParamString.css
MT_Decode_EnumDevices.css
MT_Device_WiFiGetSignalQuality.css
MT_Device_BtStatus.css
EN_Device_DLKeys.css
EN_Device_BootType.css
CL_Device_DLVersionInfo.css
MT_DecodeHandle_PostReleaseMsg.css
MT_Decode_TestParams.css
NS_NamespaceList.css
SIMPSON.css
EN_DecodeGoodReadBeepType.css
MT_Device_SetTriggerType.css
MT_Device_GetTriggerType.css
MT_Device_GetPhonePowerStatus.css
MT_Device_GetBatteryLevel.css
MT_Device_BtCreateSerialPairing.css
EN_Device_OperatingSystem.css
EN_Device_EnumerationList.css
EN_Device_DisplayBacklight.css
CL_Device.css
MT_DecodeHandle_SoftTrigger.css
MT_DecodeHandle_CancelNotifyPress.css
MT_DecodeEventArgs_DecodeEventArgs.css
MT_DecodeEvent_StartScanListener.css
MT_Decode_GetParamLimits.css
NS_DatalogicAPI.css
MT_Device_SetPhonePowerState.css
MT_Device_KeybdGetType.css
MT_Device_GetModelName.css
MT_Device_DisplayGetBkltState.css
MT_Device_BtClearSerialPairing.css
EN_Device_TriggerId.css
EN_Device_PerformanceMetrics.css
ST_Device_DLCustomKey.css
MT_DecodeException_DecodeException.css
CL_Decode.css
DE_DecodeScanStart.css
ST_DecodeParamLimit.css
MT_Device_SetGPSPowerState.css
EN_Device_TriggerInputType.css
EN_Device_Language.css
EN_Device_KbdState.css
MT_Device_BTPair_BTPair2.css
MT_Device_BTPair_BTPair.css
MT_DecodeHandle_ReadString.css
MT_DecodeHandle_CancelNotifyStop.css
MT_DecodeHandle_CancelNotifyStart.css
PR_DecodeEventArgs_RequestID.css
EN_CodeId.css
MT_Device_SetTouchScreenEnable.css
MT_Device_GetTouchScreenEnable.css
MT_Device_GetMetric.css
MT_Device_GetFlashFileRoot.css
MT_Device_GetFirmwareVersion.css
MT_DecodeHandle_PostStopMsg.css
MT_DecodeHandle_DecodeHandle.css
MT_DecodeHandle_CancelNotifyRelease.css
MT_DecodeEvent_StopScanListener.css
EV_DecodeEvent_ScanStop.css
EV_DecodeEvent_Scanned.css
MT_Device_GetOSType2.css
DE_DecodeScanStop.css
MT_Device_WiFiGetMacAddress.css
MT_Device_KeybdGetKeymapID.css
MT_Device_BtEnable.css
EN_Device_DisplayBrightness.css
CL_Device_BTPair.css
MT_DecodeHandle_Dispose.css
CL_DecodeException.css
PR_DecodeEvent_IsListening.css
EV_DecodeEvent_ScanPress.css
MT_Decode_SetParams.css
MT_Decode_GetParams.css
CL_DecodeEventArgs.css
CL_Param.css
MT_Device_WiFiGetRssi.css
MT_Device_KeybdSetMultitapDelay.css
MT_Device_KeybdGetMultitapDelay.css
MT_Device_GetReportedVersionsInfo.css
MT_Device_DisplaySetBkltBrightness.css
MT_Device_DisplayGetBkltBrightness.css
MT_Device_BtGetPairingCount.css
MT_DecodeHandle_PostRequestWait.css
MT_DecodeHandle_PostRequestMsgEx.css
MT_DecodeHandle_GetDeviceCaps.css
MT_Decode_SetParam.css
MT_Decode_GetParam.css
EN_WedgeType.css
EN_DecodeRequest.css
MT_Device_SetWiFiPowerState.css
MT_Device_KeybdSetKeyInputState.css
MT_Device_KeybdGetKeyInputState.css
MT_Device_GetLanguage.css
MT_Device_GetBootType.css
MT_Device_BtGetPairingInfo.css
MT_Device_DLVersionInfo_DLVersionInfo.css
CL_Device_BatteryInfo.css
Images\Logo_Datalogic_Help.jpg
Images\Decoding_Subsystem_Drivers.jpg
logo.png
whxdata\package_0_xml.js
whxdata\package_1_xml.js
whxdata\package_2_xml.js
whxdata\package_3_xml.js
whxdata\package_4_xml.js
whxdata\package_5_xml.js
whxdata\packageindex_xml.js
whxdata\synonym.xml
whxdata\synonym_xml.js
whxdata\topictable_0_xml.js
whxdata\topictable_1_xml.js
whxdata\topictableindex_xml.js
whxdata\whfts.xml
whxdata\whfts_xml.js
whproj_xml.js
whxdata\whtoc_xml.js
whxdata\whidx_xml.js
whxdata\whglo_xml.js
resource\resource_xml.js
whbrs_xml.js
whres_xml.js
whcsh_xml.js
whxdata\whtdata0_xml.js
whxdata\whidata0_xml.js
whdata\whtdata0.htm
whdata\whidata0.htm
SDK.htm
SDK_csh.htm
SDK_rhc.htm
